<?xml version="1.0" encoding="UTF-8"?>
<!-- Generated by org.testng.reporters.JUnitReportReporter -->
<testsuite skipped="0" hostname="Kavuris-MacBook-Pro.local" name="testBase.B" tests="1" failures="0" timestamp="2020-03-01T17:06:30 GMT" time="0.001" errors="0">
  <testcase name="logintetsB" time="0.001" classname="testBase.B"/>
  <system-out/>
</testsuite> <!-- testBase.B -->
